<?xml version="1.0" encoding="UTF-8"?>
<!-- Generated by org.testng.reporters.JUnitReportReporter -->
<testsuite hostname="EGCA1-0091" failures="0" tests="4" name="main.Start" time="21.163" errors="0" timestamp="2022-01-19T18:58:49 EET" skipped="0">
  <testcase classname="main.Start" name="startApplication" time="8.661"/>
  <system-out/>
  <testcase classname="main.Start" name="searchFlights" time="4.997"/>
  <system-out/>
  <testcase classname="main.Start" name="chooseFlight" time="0.765"/>
  <system-out/>
  <testcase classname="main.Start" name="purchaseFlight" time="6.740"/>
  <system-out/>
</testsuite> <!-- main.Start -->
