<?xml version="1.0" encoding="UTF-8"?>
<!-- Generated by org.testng.reporters.JUnitReportReporter -->
<testsuite hostname="EGCA1-0091" failures="0" tests="2" name="main.Start" time="13.391" errors="0" timestamp="2022-01-19T16:07:29 EET" skipped="0">
  <testcase classname="main.Start" name="startApplication" time="8.435"/>
  <system-out/>
  <testcase classname="main.Start" name="searchFlights" time="4.956"/>
  <system-out/>
</testsuite> <!-- main.Start -->
